   1               		.file	"main.c"
   2               	__SP_H__ = 0x3e
   3               	__SP_L__ = 0x3d
   4               	__SREG__ = 0x3f
   5               	__tmp_reg__ = 0
   6               	__zero_reg__ = 1
   7               		.text
   8               	.Ltext0:
   9               		.cfi_sections	.debug_frame
  10               		.section	.text.startup,"ax",@progbits
  11               	.global	main
  13               	main:
  14               	.LFB2:
  15               		.file 1 "main.c"
   1:main.c        **** #include<avr/io.h>
   2:main.c        **** #include<i2c.h>
   3:main.c        **** 
   4:main.c        **** int main(void){
  16               		.loc 1 4 0
  17               		.cfi_startproc
  18               	/* prologue: function */
  19               	/* frame size = 0 */
  20               	/* stack size = 0 */
  21               	.L__stack_usage = 0
   5:main.c        **** DDRD=0xff;
  22               		.loc 1 5 0
  23 0000 8FEF      		ldi r24,lo8(-1)
  24 0002 81BB      		out 0x11,r24
   6:main.c        **** 
   7:main.c        **** i2c_init_slave(0b11010000);
  25               		.loc 1 7 0
  26 0004 80ED      		ldi r24,lo8(-48)
  27 0006 00D0      		rcall i2c_init_slave
  28               	.LVL0:
   8:main.c        **** i2c_listen_slave();
  29               		.loc 1 8 0
  30 0008 00D0      		rcall i2c_listen_slave
  31               	.LVL1:
   9:main.c        **** PORTD=i2c_receive_slave_ack(1);
  32               		.loc 1 9 0
  33 000a 81E0      		ldi r24,lo8(1)
  34 000c 00D0      		rcall i2c_receive_slave_ack
  35               	.LVL2:
  36 000e 82BB      		out 0x12,r24
  37               	.L2:
  10:main.c        **** while(1){}
  38               		.loc 1 10 0
  39 0010 00C0      		rjmp .L2
  40               		.cfi_endproc
  41               	.LFE2:
  43               		.text
  44               	.Letext0:
  45               		.file 2 "/usr/lib/avr/include/stdint.h"
DEFINED SYMBOLS
                            *ABS*:0000000000000000 main.c
     /tmp/ccNNofpc.s:2      *ABS*:000000000000003e __SP_H__
     /tmp/ccNNofpc.s:3      *ABS*:000000000000003d __SP_L__
     /tmp/ccNNofpc.s:4      *ABS*:000000000000003f __SREG__
     /tmp/ccNNofpc.s:5      *ABS*:0000000000000000 __tmp_reg__
     /tmp/ccNNofpc.s:6      *ABS*:0000000000000001 __zero_reg__
     /tmp/ccNNofpc.s:13     .text.startup:0000000000000000 main

UNDEFINED SYMBOLS
i2c_init_slave
i2c_listen_slave
i2c_receive_slave_ack
